0 info it worked if it ends with ok
1 verbose cli [ 'C:\\Program Files\\nodejs\\\\node.exe',
1 verbose cli   'C:\\Program Files\\nodejs\\node_modules\\npm\\bin\\npm-cli.js',
1 verbose cli   'publish',
1 verbose cli   './' ]
2 info using npm@1.3.24
3 info using node@v0.10.25
4 verbose node symlink C:\Program Files\nodejs\\node.exe
5 verbose publish [ './' ]
6 verbose cache add [ './', null ]
7 verbose cache add name=undefined spec="./" args=["./",null]
8 verbose parsed url { protocol: null,
8 verbose parsed url   slashes: null,
8 verbose parsed url   auth: null,
8 verbose parsed url   host: null,
8 verbose parsed url   port: null,
8 verbose parsed url   hostname: null,
8 verbose parsed url   hash: null,
8 verbose parsed url   search: null,
8 verbose parsed url   query: null,
8 verbose parsed url   pathname: './',
8 verbose parsed url   path: './',
8 verbose parsed url   href: './' }
9 silly lockFile 0ee6c175- ./
10 verbose lock ./ C:\Users\Raphael\AppData\Roaming\npm-cache\0ee6c175-.lock
11 verbose tar pack [ 'C:\\Users\\Raphael\\AppData\\Local\\Temp\\npm-5076-JdHjqX0E\\1426238260084-0.8454353937413543\\tmp.tgz',
11 verbose tar pack   './' ]
12 verbose tarball C:\Users\Raphael\AppData\Local\Temp\npm-5076-JdHjqX0E\1426238260084-0.8454353937413543\tmp.tgz
13 verbose folder ./
14 info prepublish KNACSS@4.0.3
15 silly lockFile 04cb2bca-tar tar://./
16 verbose lock tar://./ C:\Users\Raphael\AppData\Roaming\npm-cache\04cb2bca-tar.lock
17 silly lockFile dee2c084-60084-0-8454353937413543-tmp-tgz tar://C:\Users\Raphael\AppData\Local\Temp\npm-5076-JdHjqX0E\1426238260084-0.8454353937413543\tmp.tgz
18 verbose lock tar://C:\Users\Raphael\AppData\Local\Temp\npm-5076-JdHjqX0E\1426238260084-0.8454353937413543\tmp.tgz C:\Users\Raphael\AppData\Roaming\npm-cache\dee2c084-60084-0-8454353937413543-tmp-tgz.lock
19 silly lockFile 04cb2bca-tar tar://./
20 silly lockFile 04cb2bca-tar tar://./
21 silly lockFile dee2c084-60084-0-8454353937413543-tmp-tgz tar://C:\Users\Raphael\AppData\Local\Temp\npm-5076-JdHjqX0E\1426238260084-0.8454353937413543\tmp.tgz
22 silly lockFile dee2c084-60084-0-8454353937413543-tmp-tgz tar://C:\Users\Raphael\AppData\Local\Temp\npm-5076-JdHjqX0E\1426238260084-0.8454353937413543\tmp.tgz
23 verbose tar unpack C:\Users\Raphael\AppData\Local\Temp\npm-5076-JdHjqX0E\1426238260084-0.8454353937413543\tmp.tgz
24 silly lockFile 023ab98e-60084-0-8454353937413543-package tar://C:\Users\Raphael\AppData\Local\Temp\npm-5076-JdHjqX0E\1426238260084-0.8454353937413543\package
25 verbose lock tar://C:\Users\Raphael\AppData\Local\Temp\npm-5076-JdHjqX0E\1426238260084-0.8454353937413543\package C:\Users\Raphael\AppData\Roaming\npm-cache\023ab98e-60084-0-8454353937413543-package.lock
26 silly lockFile dee2c084-60084-0-8454353937413543-tmp-tgz tar://C:\Users\Raphael\AppData\Local\Temp\npm-5076-JdHjqX0E\1426238260084-0.8454353937413543\tmp.tgz
27 verbose lock tar://C:\Users\Raphael\AppData\Local\Temp\npm-5076-JdHjqX0E\1426238260084-0.8454353937413543\tmp.tgz C:\Users\Raphael\AppData\Roaming\npm-cache\dee2c084-60084-0-8454353937413543-tmp-tgz.lock
28 silly gunzTarPerm modes [ '755', '644' ]
29 silly gunzTarPerm extractEntry package.json
30 silly gunzTarPerm modified mode [ 'package.json', 438, 420 ]
31 silly gunzTarPerm extractEntry .npmignore
32 silly gunzTarPerm modified mode [ '.npmignore', 438, 420 ]
33 silly gunzTarPerm extractEntry README.md
34 silly gunzTarPerm modified mode [ 'README.md', 438, 420 ]
35 silly gunzTarPerm extractEntry .editorconfig
36 silly gunzTarPerm modified mode [ '.editorconfig', 438, 420 ]
37 silly gunzTarPerm extractEntry .gitattributes
38 silly gunzTarPerm modified mode [ '.gitattributes', 438, 420 ]
39 silly gunzTarPerm extractEntry bower.json
40 silly gunzTarPerm modified mode [ 'bower.json', 438, 420 ]
41 silly gunzTarPerm extractEntry css/knacss-unminified.css
42 silly gunzTarPerm modified mode [ 'css/knacss-unminified.css', 438, 420 ]
43 silly gunzTarPerm extractEntry css/knacss.css
44 silly gunzTarPerm modified mode [ 'css/knacss.css', 438, 420 ]
45 silly gunzTarPerm extractEntry doc/06-helpers.md
46 silly gunzTarPerm modified mode [ 'doc/06-helpers.md', 438, 420 ]
47 silly gunzTarPerm extractEntry doc/00-commencer.md
48 silly gunzTarPerm modified mode [ 'doc/00-commencer.md', 438, 420 ]
49 silly gunzTarPerm extractEntry doc/02a-layout-alignements.md
50 silly gunzTarPerm modified mode [ 'doc/02a-layout-alignements.md', 438, 420 ]
51 silly gunzTarPerm extractEntry doc/02b-layout-positionnement.md
52 silly gunzTarPerm modified mode [ 'doc/02b-layout-positionnement.md', 438, 420 ]
53 silly gunzTarPerm extractEntry doc/03-grilles.md
54 silly gunzTarPerm modified mode [ 'doc/03-grilles.md', 438, 420 ]
55 silly gunzTarPerm extractEntry doc/04-tableaux.md
56 silly gunzTarPerm modified mode [ 'doc/04-tableaux.md', 438, 420 ]
57 silly gunzTarPerm extractEntry doc/05-formulaires.md
58 silly gunzTarPerm modified mode [ 'doc/05-formulaires.md', 438, 420 ]
59 silly gunzTarPerm extractEntry doc/01-typo-et-reset.md
60 silly gunzTarPerm modified mode [ 'doc/01-typo-et-reset.md', 438, 420 ]
61 silly gunzTarPerm extractEntry doc/07-responsive.md
62 silly gunzTarPerm modified mode [ 'doc/07-responsive.md', 438, 420 ]
63 silly gunzTarPerm extractEntry doc/08-print.md
64 silly gunzTarPerm modified mode [ 'doc/08-print.md', 438, 420 ]
65 silly gunzTarPerm extractEntry doc/09-misc.md
66 silly gunzTarPerm modified mode [ 'doc/09-misc.md', 438, 420 ]
67 silly gunzTarPerm extractEntry doc/10-styling.md
68 silly gunzTarPerm modified mode [ 'doc/10-styling.md', 438, 420 ]
69 silly gunzTarPerm extractEntry doc/11-wordpress.md
70 silly gunzTarPerm modified mode [ 'doc/11-wordpress.md', 438, 420 ]
71 silly gunzTarPerm extractEntry doc/illust/02-layout.png
72 silly gunzTarPerm modified mode [ 'doc/illust/02-layout.png', 438, 420 ]
73 silly gunzTarPerm extractEntry doc/illust/03-double.PNG
74 silly gunzTarPerm modified mode [ 'doc/illust/03-double.PNG', 438, 420 ]
75 silly gunzTarPerm extractEntry doc/illust/03-first.PNG
76 silly gunzTarPerm modified mode [ 'doc/illust/03-first.PNG', 438, 420 ]
77 silly gunzTarPerm extractEntry doc/illust/03-grid-even.png
78 silly gunzTarPerm modified mode [ 'doc/illust/03-grid-even.png', 438, 420 ]
79 silly gunzTarPerm extractEntry doc/illust/03-grid-uneven.png
80 silly gunzTarPerm modified mode [ 'doc/illust/03-grid-uneven.png', 438, 420 ]
81 silly gunzTarPerm extractEntry doc/illust/03-layout1.png
82 silly gunzTarPerm modified mode [ 'doc/illust/03-layout1.png', 438, 420 ]
83 silly gunzTarPerm extractEntry doc/illust/03-layout2.png
84 silly gunzTarPerm modified mode [ 'doc/illust/03-layout2.png', 438, 420 ]
85 silly gunzTarPerm extractEntry doc/illust/03-layout3.png
86 silly gunzTarPerm modified mode [ 'doc/illust/03-layout3.png', 438, 420 ]
87 silly gunzTarPerm extractEntry doc/illust/03-layout4.png
88 silly gunzTarPerm modified mode [ 'doc/illust/03-layout4.png', 438, 420 ]
89 silly gunzTarPerm extractEntry doc/illust/03-offset.png
90 silly gunzTarPerm modified mode [ 'doc/illust/03-offset.png', 438, 420 ]
91 silly gunzTarPerm extractEntry less/_05-forms.less
92 silly gunzTarPerm modified mode [ 'less/_05-forms.less', 438, 420 ]
93 silly gunzTarPerm extractEntry less/knacss.less
94 silly gunzTarPerm modified mode [ 'less/knacss.less', 438, 420 ]
95 silly gunzTarPerm extractEntry less/_01-base.less
96 silly gunzTarPerm modified mode [ 'less/_01-base.less', 438, 420 ]
97 silly gunzTarPerm extractEntry less/_02-layout.less
98 silly gunzTarPerm modified mode [ 'less/_02-layout.less', 438, 420 ]
99 silly gunzTarPerm extractEntry less/_03-grids.less
100 silly gunzTarPerm modified mode [ 'less/_03-grids.less', 438, 420 ]
101 silly gunzTarPerm extractEntry less/_04-tables.less
102 silly gunzTarPerm modified mode [ 'less/_04-tables.less', 438, 420 ]
103 silly gunzTarPerm extractEntry less/_00-config.less
104 silly gunzTarPerm modified mode [ 'less/_00-config.less', 438, 420 ]
105 silly gunzTarPerm extractEntry less/_06-helpers.less
106 silly gunzTarPerm modified mode [ 'less/_06-helpers.less', 438, 420 ]
107 silly gunzTarPerm extractEntry less/_07-responsive.less
108 silly gunzTarPerm modified mode [ 'less/_07-responsive.less', 438, 420 ]
109 silly gunzTarPerm extractEntry less/_08-print.less
110 silly gunzTarPerm modified mode [ 'less/_08-print.less', 438, 420 ]
111 silly gunzTarPerm extractEntry less/_09-misc.less
112 silly gunzTarPerm modified mode [ 'less/_09-misc.less', 438, 420 ]
113 silly gunzTarPerm extractEntry less/_10-styling.less
114 silly gunzTarPerm modified mode [ 'less/_10-styling.less', 438, 420 ]
115 silly gunzTarPerm extractEntry less/_11-wordpress.less
116 silly gunzTarPerm modified mode [ 'less/_11-wordpress.less', 438, 420 ]
117 silly gunzTarPerm extractEntry sass/_05-forms.scss
118 silly gunzTarPerm modified mode [ 'sass/_05-forms.scss', 438, 420 ]
119 silly gunzTarPerm extractEntry sass/knacss.scss
120 silly gunzTarPerm modified mode [ 'sass/knacss.scss', 438, 420 ]
121 silly gunzTarPerm extractEntry sass/_01-base.scss
122 silly gunzTarPerm modified mode [ 'sass/_01-base.scss', 438, 420 ]
123 silly gunzTarPerm extractEntry sass/_02-layout.scss
124 silly gunzTarPerm modified mode [ 'sass/_02-layout.scss', 438, 420 ]
125 silly gunzTarPerm extractEntry sass/_03-grids.scss
126 silly gunzTarPerm modified mode [ 'sass/_03-grids.scss', 438, 420 ]
127 silly gunzTarPerm extractEntry sass/_04-tables.scss
128 silly gunzTarPerm modified mode [ 'sass/_04-tables.scss', 438, 420 ]
129 silly gunzTarPerm extractEntry sass/_00-config.scss
130 silly gunzTarPerm modified mode [ 'sass/_00-config.scss', 438, 420 ]
131 silly gunzTarPerm extractEntry sass/_06-helpers.scss
132 silly gunzTarPerm modified mode [ 'sass/_06-helpers.scss', 438, 420 ]
133 silly gunzTarPerm extractEntry sass/_07-responsive.scss
134 silly gunzTarPerm modified mode [ 'sass/_07-responsive.scss', 438, 420 ]
135 silly gunzTarPerm extractEntry sass/_08-print.scss
136 silly gunzTarPerm modified mode [ 'sass/_08-print.scss', 438, 420 ]
137 silly gunzTarPerm extractEntry sass/_09-misc.scss
138 silly gunzTarPerm modified mode [ 'sass/_09-misc.scss', 438, 420 ]
139 silly gunzTarPerm extractEntry sass/_10-styling.scss
140 silly gunzTarPerm modified mode [ 'sass/_10-styling.scss', 438, 420 ]
141 silly gunzTarPerm extractEntry sass/_11-wordpress.scss
142 silly gunzTarPerm modified mode [ 'sass/_11-wordpress.scss', 438, 420 ]
143 silly lockFile 023ab98e-60084-0-8454353937413543-package tar://C:\Users\Raphael\AppData\Local\Temp\npm-5076-JdHjqX0E\1426238260084-0.8454353937413543\package
144 silly lockFile 023ab98e-60084-0-8454353937413543-package tar://C:\Users\Raphael\AppData\Local\Temp\npm-5076-JdHjqX0E\1426238260084-0.8454353937413543\package
145 silly lockFile dee2c084-60084-0-8454353937413543-tmp-tgz tar://C:\Users\Raphael\AppData\Local\Temp\npm-5076-JdHjqX0E\1426238260084-0.8454353937413543\tmp.tgz
146 silly lockFile dee2c084-60084-0-8454353937413543-tmp-tgz tar://C:\Users\Raphael\AppData\Local\Temp\npm-5076-JdHjqX0E\1426238260084-0.8454353937413543\tmp.tgz
147 verbose tar pack [ 'C:\\Users\\Raphael\\AppData\\Roaming\\npm-cache\\KNACSS\\4.0.3\\package.tgz',
147 verbose tar pack   'C:\\Users\\Raphael\\AppData\\Local\\Temp\\npm-5076-JdHjqX0E\\1426238260084-0.8454353937413543\\package' ]
148 verbose tarball C:\Users\Raphael\AppData\Roaming\npm-cache\KNACSS\4.0.3\package.tgz
149 verbose folder C:\Users\Raphael\AppData\Local\Temp\npm-5076-JdHjqX0E\1426238260084-0.8454353937413543\package
150 silly lockFile 023ab98e-60084-0-8454353937413543-package tar://C:\Users\Raphael\AppData\Local\Temp\npm-5076-JdHjqX0E\1426238260084-0.8454353937413543\package
151 verbose lock tar://C:\Users\Raphael\AppData\Local\Temp\npm-5076-JdHjqX0E\1426238260084-0.8454353937413543\package C:\Users\Raphael\AppData\Roaming\npm-cache\023ab98e-60084-0-8454353937413543-package.lock
152 silly lockFile 2d015251-m-cache-KNACSS-4-0-3-package-tgz tar://C:\Users\Raphael\AppData\Roaming\npm-cache\KNACSS\4.0.3\package.tgz
153 verbose lock tar://C:\Users\Raphael\AppData\Roaming\npm-cache\KNACSS\4.0.3\package.tgz C:\Users\Raphael\AppData\Roaming\npm-cache\2d015251-m-cache-KNACSS-4-0-3-package-tgz.lock
154 silly lockFile 023ab98e-60084-0-8454353937413543-package tar://C:\Users\Raphael\AppData\Local\Temp\npm-5076-JdHjqX0E\1426238260084-0.8454353937413543\package
155 silly lockFile 023ab98e-60084-0-8454353937413543-package tar://C:\Users\Raphael\AppData\Local\Temp\npm-5076-JdHjqX0E\1426238260084-0.8454353937413543\package
156 silly lockFile 2d015251-m-cache-KNACSS-4-0-3-package-tgz tar://C:\Users\Raphael\AppData\Roaming\npm-cache\KNACSS\4.0.3\package.tgz
157 silly lockFile 2d015251-m-cache-KNACSS-4-0-3-package-tgz tar://C:\Users\Raphael\AppData\Roaming\npm-cache\KNACSS\4.0.3\package.tgz
158 silly lockFile 6670d34b-g-npm-cache-KNACSS-4-0-3-package C:\Users\Raphael\AppData\Roaming\npm-cache\KNACSS\4.0.3\package
159 verbose lock C:\Users\Raphael\AppData\Roaming\npm-cache\KNACSS\4.0.3\package C:\Users\Raphael\AppData\Roaming\npm-cache\6670d34b-g-npm-cache-KNACSS-4-0-3-package.lock
160 silly lockFile 6670d34b-g-npm-cache-KNACSS-4-0-3-package C:\Users\Raphael\AppData\Roaming\npm-cache\KNACSS\4.0.3\package
161 silly lockFile 6670d34b-g-npm-cache-KNACSS-4-0-3-package C:\Users\Raphael\AppData\Roaming\npm-cache\KNACSS\4.0.3\package
162 verbose tar unpack C:\Users\Raphael\AppData\Roaming\npm-cache\KNACSS\4.0.3\package.tgz
163 silly lockFile a331276e-g-npm-cache-KNACSS-4-0-3-package tar://C:\Users\Raphael\AppData\Roaming\npm-cache\KNACSS\4.0.3\package
164 verbose lock tar://C:\Users\Raphael\AppData\Roaming\npm-cache\KNACSS\4.0.3\package C:\Users\Raphael\AppData\Roaming\npm-cache\a331276e-g-npm-cache-KNACSS-4-0-3-package.lock
165 silly lockFile 2d015251-m-cache-KNACSS-4-0-3-package-tgz tar://C:\Users\Raphael\AppData\Roaming\npm-cache\KNACSS\4.0.3\package.tgz
166 verbose lock tar://C:\Users\Raphael\AppData\Roaming\npm-cache\KNACSS\4.0.3\package.tgz C:\Users\Raphael\AppData\Roaming\npm-cache\2d015251-m-cache-KNACSS-4-0-3-package-tgz.lock
167 silly gunzTarPerm modes [ '755', '644' ]
168 silly gunzTarPerm extractEntry package.json
169 silly gunzTarPerm modified mode [ 'package.json', 438, 420 ]
170 silly gunzTarPerm extractEntry .npmignore
171 silly gunzTarPerm modified mode [ '.npmignore', 438, 420 ]
172 silly gunzTarPerm extractEntry README.md
173 silly gunzTarPerm modified mode [ 'README.md', 438, 420 ]
174 silly gunzTarPerm extractEntry .editorconfig
175 silly gunzTarPerm modified mode [ '.editorconfig', 438, 420 ]
176 silly gunzTarPerm extractEntry .gitattributes
177 silly gunzTarPerm modified mode [ '.gitattributes', 438, 420 ]
178 silly gunzTarPerm extractEntry bower.json
179 silly gunzTarPerm modified mode [ 'bower.json', 438, 420 ]
180 silly gunzTarPerm extractEntry css/knacss-unminified.css
181 silly gunzTarPerm modified mode [ 'css/knacss-unminified.css', 438, 420 ]
182 silly gunzTarPerm extractEntry css/knacss.css
183 silly gunzTarPerm modified mode [ 'css/knacss.css', 438, 420 ]
184 silly gunzTarPerm extractEntry doc/06-helpers.md
185 silly gunzTarPerm modified mode [ 'doc/06-helpers.md', 438, 420 ]
186 silly gunzTarPerm extractEntry doc/00-commencer.md
187 silly gunzTarPerm modified mode [ 'doc/00-commencer.md', 438, 420 ]
188 silly gunzTarPerm extractEntry doc/02a-layout-alignements.md
189 silly gunzTarPerm modified mode [ 'doc/02a-layout-alignements.md', 438, 420 ]
190 silly gunzTarPerm extractEntry doc/02b-layout-positionnement.md
191 silly gunzTarPerm modified mode [ 'doc/02b-layout-positionnement.md', 438, 420 ]
192 silly gunzTarPerm extractEntry doc/03-grilles.md
193 silly gunzTarPerm modified mode [ 'doc/03-grilles.md', 438, 420 ]
194 silly gunzTarPerm extractEntry doc/04-tableaux.md
195 silly gunzTarPerm modified mode [ 'doc/04-tableaux.md', 438, 420 ]
196 silly gunzTarPerm extractEntry doc/05-formulaires.md
197 silly gunzTarPerm modified mode [ 'doc/05-formulaires.md', 438, 420 ]
198 silly gunzTarPerm extractEntry doc/01-typo-et-reset.md
199 silly gunzTarPerm modified mode [ 'doc/01-typo-et-reset.md', 438, 420 ]
200 silly gunzTarPerm extractEntry doc/07-responsive.md
201 silly gunzTarPerm modified mode [ 'doc/07-responsive.md', 438, 420 ]
202 silly gunzTarPerm extractEntry doc/08-print.md
203 silly gunzTarPerm modified mode [ 'doc/08-print.md', 438, 420 ]
204 silly gunzTarPerm extractEntry doc/09-misc.md
205 silly gunzTarPerm modified mode [ 'doc/09-misc.md', 438, 420 ]
206 silly gunzTarPerm extractEntry doc/10-styling.md
207 silly gunzTarPerm modified mode [ 'doc/10-styling.md', 438, 420 ]
208 silly gunzTarPerm extractEntry doc/11-wordpress.md
209 silly gunzTarPerm modified mode [ 'doc/11-wordpress.md', 438, 420 ]
210 silly gunzTarPerm extractEntry doc/illust/02-layout.png
211 silly gunzTarPerm modified mode [ 'doc/illust/02-layout.png', 438, 420 ]
212 silly gunzTarPerm extractEntry doc/illust/03-double.PNG
213 silly gunzTarPerm modified mode [ 'doc/illust/03-double.PNG', 438, 420 ]
214 silly gunzTarPerm extractEntry doc/illust/03-first.PNG
215 silly gunzTarPerm modified mode [ 'doc/illust/03-first.PNG', 438, 420 ]
216 silly gunzTarPerm extractEntry doc/illust/03-grid-even.png
217 silly gunzTarPerm modified mode [ 'doc/illust/03-grid-even.png', 438, 420 ]
218 silly gunzTarPerm extractEntry doc/illust/03-grid-uneven.png
219 silly gunzTarPerm modified mode [ 'doc/illust/03-grid-uneven.png', 438, 420 ]
220 silly gunzTarPerm extractEntry doc/illust/03-layout1.png
221 silly gunzTarPerm modified mode [ 'doc/illust/03-layout1.png', 438, 420 ]
222 silly gunzTarPerm extractEntry doc/illust/03-layout2.png
223 silly gunzTarPerm modified mode [ 'doc/illust/03-layout2.png', 438, 420 ]
224 silly gunzTarPerm extractEntry doc/illust/03-layout3.png
225 silly gunzTarPerm modified mode [ 'doc/illust/03-layout3.png', 438, 420 ]
226 silly gunzTarPerm extractEntry doc/illust/03-layout4.png
227 silly gunzTarPerm modified mode [ 'doc/illust/03-layout4.png', 438, 420 ]
228 silly gunzTarPerm extractEntry doc/illust/03-offset.png
229 silly gunzTarPerm modified mode [ 'doc/illust/03-offset.png', 438, 420 ]
230 silly gunzTarPerm extractEntry less/_05-forms.less
231 silly gunzTarPerm modified mode [ 'less/_05-forms.less', 438, 420 ]
232 silly gunzTarPerm extractEntry less/knacss.less
233 silly gunzTarPerm modified mode [ 'less/knacss.less', 438, 420 ]
234 silly gunzTarPerm extractEntry less/_01-base.less
235 silly gunzTarPerm modified mode [ 'less/_01-base.less', 438, 420 ]
236 silly gunzTarPerm extractEntry less/_02-layout.less
237 silly gunzTarPerm modified mode [ 'less/_02-layout.less', 438, 420 ]
238 silly gunzTarPerm extractEntry less/_03-grids.less
239 silly gunzTarPerm modified mode [ 'less/_03-grids.less', 438, 420 ]
240 silly gunzTarPerm extractEntry less/_04-tables.less
241 silly gunzTarPerm modified mode [ 'less/_04-tables.less', 438, 420 ]
242 silly gunzTarPerm extractEntry less/_00-config.less
243 silly gunzTarPerm modified mode [ 'less/_00-config.less', 438, 420 ]
244 silly gunzTarPerm extractEntry less/_06-helpers.less
245 silly gunzTarPerm modified mode [ 'less/_06-helpers.less', 438, 420 ]
246 silly gunzTarPerm extractEntry less/_07-responsive.less
247 silly gunzTarPerm modified mode [ 'less/_07-responsive.less', 438, 420 ]
248 silly gunzTarPerm extractEntry less/_08-print.less
249 silly gunzTarPerm modified mode [ 'less/_08-print.less', 438, 420 ]
250 silly gunzTarPerm extractEntry less/_09-misc.less
251 silly gunzTarPerm modified mode [ 'less/_09-misc.less', 438, 420 ]
252 silly gunzTarPerm extractEntry less/_10-styling.less
253 silly gunzTarPerm modified mode [ 'less/_10-styling.less', 438, 420 ]
254 silly gunzTarPerm extractEntry less/_11-wordpress.less
255 silly gunzTarPerm modified mode [ 'less/_11-wordpress.less', 438, 420 ]
256 silly gunzTarPerm extractEntry sass/_05-forms.scss
257 silly gunzTarPerm modified mode [ 'sass/_05-forms.scss', 438, 420 ]
258 silly gunzTarPerm extractEntry sass/knacss.scss
259 silly gunzTarPerm modified mode [ 'sass/knacss.scss', 438, 420 ]
260 silly gunzTarPerm extractEntry sass/_01-base.scss
261 silly gunzTarPerm modified mode [ 'sass/_01-base.scss', 438, 420 ]
262 silly gunzTarPerm extractEntry sass/_02-layout.scss
263 silly gunzTarPerm modified mode [ 'sass/_02-layout.scss', 438, 420 ]
264 silly gunzTarPerm extractEntry sass/_03-grids.scss
265 silly gunzTarPerm modified mode [ 'sass/_03-grids.scss', 438, 420 ]
266 silly gunzTarPerm extractEntry sass/_04-tables.scss
267 silly gunzTarPerm modified mode [ 'sass/_04-tables.scss', 438, 420 ]
268 silly gunzTarPerm extractEntry sass/_00-config.scss
269 silly gunzTarPerm modified mode [ 'sass/_00-config.scss', 438, 420 ]
270 silly gunzTarPerm extractEntry sass/_06-helpers.scss
271 silly gunzTarPerm modified mode [ 'sass/_06-helpers.scss', 438, 420 ]
272 silly gunzTarPerm extractEntry sass/_07-responsive.scss
273 silly gunzTarPerm modified mode [ 'sass/_07-responsive.scss', 438, 420 ]
274 silly gunzTarPerm extractEntry sass/_08-print.scss
275 silly gunzTarPerm modified mode [ 'sass/_08-print.scss', 438, 420 ]
276 silly gunzTarPerm extractEntry sass/_09-misc.scss
277 silly gunzTarPerm modified mode [ 'sass/_09-misc.scss', 438, 420 ]
278 silly gunzTarPerm extractEntry sass/_10-styling.scss
279 silly gunzTarPerm modified mode [ 'sass/_10-styling.scss', 438, 420 ]
280 silly gunzTarPerm extractEntry sass/_11-wordpress.scss
281 silly gunzTarPerm modified mode [ 'sass/_11-wordpress.scss', 438, 420 ]
282 silly lockFile a331276e-g-npm-cache-KNACSS-4-0-3-package tar://C:\Users\Raphael\AppData\Roaming\npm-cache\KNACSS\4.0.3\package
283 silly lockFile a331276e-g-npm-cache-KNACSS-4-0-3-package tar://C:\Users\Raphael\AppData\Roaming\npm-cache\KNACSS\4.0.3\package
284 silly lockFile 2d015251-m-cache-KNACSS-4-0-3-package-tgz tar://C:\Users\Raphael\AppData\Roaming\npm-cache\KNACSS\4.0.3\package.tgz
285 silly lockFile 2d015251-m-cache-KNACSS-4-0-3-package-tgz tar://C:\Users\Raphael\AppData\Roaming\npm-cache\KNACSS\4.0.3\package.tgz
286 verbose chmod C:\Users\Raphael\AppData\Roaming\npm-cache\KNACSS\4.0.3\package.tgz 644
287 silly chown skipping for windows C:\Users\Raphael\AppData\Roaming\npm-cache\KNACSS\4.0.3\package.tgz
288 silly lockFile 0ee6c175- ./
289 silly lockFile 0ee6c175- ./
290 silly publish { name: 'KNACSS',
290 silly publish   version: '4.0.3',
290 silly publish   homepage: 'http://www.knacss.com/',
290 silly publish   bugs: { url: 'https://github.com/raphaelgoetter/KNACSS/issues' },
290 silly publish   author: '',
290 silly publish   contributors: [ { name: 'Raphaël GOETTER, Alsacreations' } ],
290 silly publish   description: 'KNACSS is a minimalist, responsive and extensible style sheet to kick-start your HTML / CSS projects. It relies on common best practices and experience on the topic.',
290 silly publish   main: 'css/knacss.css',
290 silly publish   keywords:
290 silly publish    [ 'css',
290 silly publish      'framework',
290 silly publish      'reset',
290 silly publish      'responsive',
290 silly publish      'less',
290 silly publish      'sass',
290 silly publish      'rwd',
290 silly publish      'boilerplate',
290 silly publish      'workflow' ],
290 silly publish   repository: { type: 'git', url: 'https://github.com/raphaelgoetter/KNACSS' },
290 silly publish   license: 'WTFPL',
290 silly publish   dependencies: {},
290 silly publish   engines: {},
290 silly publish   readme: '# KNACSS\n\nhttp://www.knacss.com\n\nKNACSS, c\'est un peu comme une feuille de style CSS "reset" sur-vitaminée qui permet de commencer un projet à partir de zéro tout en tenant compte de bonnes pratiques générales (accessibilité, performance, responsive webdesign).\n\nKNACSS prend en charge les styles de base, mais également la typographie, les modèles de boîte, les alignements et positionnements d\'éléments, les grilles de mise en page, dans l\'esprit d\'être adapté à toutes les tailles d\'écran (reponsive). Le tout automatiquement !\n\nConçu par l\'agence web [Alsacreations.fr](http://alsacreations.fr) et pensé pour être couplé avec des préprocesseurs tels que LESS ou Sass, le micro-framework KNACSS est employé quotidiennement sur toute sorte de projets web quel que soit son type ou son envergure.\n\n## Installation\n\nLa version courte est "il n\'y a rien à installer".\n\nSelon votre environnement de travail vous suffit de récupérer la feuille de styles :\n\n- en version [CSS classique](https://raw.githubusercontent.com/raphaelgoetter/KNACSS/master/css/knacss-unminified.css) (ou [minifié](vhttps://raw.githubusercontent.com/raphaelgoetter/KNACSS/master/css/knacss.css))\n- en version [LESS](https://github.com/raphaelgoetter/KNACSS/tree/master/less)\n- en version [Sass](https://github.com/raphaelgoetter/KNACSS/tree/master/sass)\n\n_Les versions LESS et Sass seront bien évidemment plus malléables grâce à l\'apport de variables et fonctions._\n\n## Usage\n\nKNACSS n\'est constitué que d\'un seul fichier CSS (minifié ou non selon vos goûts), qu\'il vous suffit d\'ajouter à votre page HTML :\n\n    <link rel="stylesheet" href="knacss.css">\n\nIl est également possible de l\'installer (toutes versions) via [Bower](http://bower.io/) : ```bower install knacss```\n\n## RTFM!\n\nKNACSS se veut être un outil simple (contrairement aux usines à gaz que sont Bootstrap ou Foundation), mais évolutif.\nLa contrepartie est que cela nécessite de votre part de bonnes connaissances en CSS et un petit effort de compréhension et de d\'apprentissage des mécanismes de l\'outil.\n\nUne [**documentation**](https://github.com/raphaelgoetter/KNACSS/tree/master/doc) détaillée et illustrée est en cours de rédaction. Je vous invite vivement à la parcourir avant de vous jeter sur KNACSS.\n\n\n## Préprocesseurs\n\nKNACSS est conçu et pensé pour être adapté aux préprocesseurs que sont LESS et Sass. Nous employons LESS en interne, nos fichiers de travail sont donc des `.less` et non des `.css` (cela fonctionne aussi avec Sass).\n\nSi, comme nous, vous intégrez à l\'aide de préprocesseurs, KNACSS va vous faciliter la vie dès le début du projet puisqu\'un [fichier de configuration](https://github.com/raphaelgoetter/KNACSS/blob/master/less/_00-config.less) contenant toutes les variables du projet est intégré.\nLibre à vous de le modifier selon les contraintes de votre projet.\n\n**Attention**, si vous importez KNACSS automatiquement via Bower par exemple (dans un dossier `vendor`), ce fichier de configuration risque d\'être écrasé à chaque mise à jour de KNACSS. Nous vous invitons à en faire une copie dans votre dossier de travail et à commenter l\'appel au fichier de config de `vendor`.\n\n### Préfixes navigateurs\n\nCertaines fonctionnalités avancées de KNACSS nécessitent d\'employer toute une panoplie de préfixes CSS (`-webkit-`, `-moz-`, `-ms-`, ...) pour être certain que les propriétés CSS fonctionneront partout.\n\nAu sein de la version classique CSS de KNACSS, l\'ensemble des préfixes est présent, **vous n\'avez donc pas à vous en soucier**.\n\n**Par contre, dans les versions LESS et Sass de KNACSS, les préfixes n\'apparaissent pas** pour ne pas polluer la lecture du fichier de travail. **Il vous sera donc nécessaire de les ajouter**, de préférence automatiquement grâce à un plugin ou aux excellents outils que sont [autoprefixer](https://github.com/postcss/autoprefixer) ou [pleeease](http://pleeease.io/).\n\n## Liens utiles\n\n* Site web de KNACSS : http://knacss.com\n* [**Documentation détaillée**](https://github.com/raphaelgoetter/KNACSS/tree/master/doc)\n* Sur Alsacreations.com : ["découverte du framework KNACSS"](http://www.alsacreations.com/tuto/lire/1577-decouverte-du-framework-css-KNACSS.html)\n',
290 silly publish   readmeFilename: 'README.md',
290 silly publish   _id: 'KNACSS@4.0.3',
290 silly publish   dist: { shasum: '9d23bf21f257bef2489fe83af7dcb97e469c6411' },
290 silly publish   _from: './' }
291 error Error: invalid name: must be lowercase and url-safe
291 error     at RegClient.publish (C:\Program Files\nodejs\node_modules\npm\node_modules\npm-registry-client\lib\publish.js:22:15)
291 error     at publish_ (C:\Program Files\nodejs\node_modules\npm\lib\publish.js:95:12)
291 error     at Array.1 (C:\Program Files\nodejs\node_modules\npm\node_modules\slide\lib\bind-actor.js:15:8)
291 error     at LOOP (C:\Program Files\nodejs\node_modules\npm\node_modules\slide\lib\chain.js:15:14)
291 error     at LOOP (C:\Program Files\nodejs\node_modules\npm\node_modules\slide\lib\chain.js:14:28)
291 error     at chain (C:\Program Files\nodejs\node_modules\npm\node_modules\slide\lib\chain.js:20:5)
291 error     at C:\Program Files\nodejs\node_modules\npm\lib\publish.js:59:5
291 error     at C:\Program Files\nodejs\node_modules\npm\lib\cache.js:826:14
291 error     at C:\Program Files\nodejs\node_modules\npm\node_modules\lockfile\lockfile.js:61:41
291 error     at Object.oncomplete (fs.js:107:15)
292 error If you need help, you may report this *entire* log,
292 error including the npm and node versions, at:
292 error     <http://github.com/isaacs/npm/issues>
293 error System Windows_NT 6.2.9200
294 error command "C:\\Program Files\\nodejs\\\\node.exe" "C:\\Program Files\\nodejs\\node_modules\\npm\\bin\\npm-cli.js" "publish" "./"
295 error cwd C:\Users\Raphael\Dropbox\Documents\GitHub\KNACSS
296 error node -v v0.10.25
297 error npm -v 1.3.24
298 verbose exit [ 1, true ]
